Using pre-set license
Built from '2020.2/release' branch; Version is '2020.2.0f1 (3721df5a8b28) revision 3613151'; Using compiler version '192528614'; Build Type 'Release'
OS: 'Windows 10  (10.0.0) 64bit' Language: 'en' Physical Memory: 16159 MB
BatchMode: 1, IsHumanControllingUs: 0, StartBugReporterOnCrash: 0, Is64bit: 1, IsPro: 0

 COMMAND LINE ARGUMENTS:
C:\Program Files\Unity\Hub\Editor\2020.2.0f1\Editor\Unity.exe
-adb2
-batchMode
-noUpm
-name
AssetImportWorker0
-projectPath
C:/Users/Deep Shah/Documents/PracUnity/MobileARCourse
-logFile
Logs/AssetImportWorker0.log
-srvPort
60850
Successfully changed project path to: C:/Users/Deep Shah/Documents/PracUnity/MobileARCourse
C:/Users/Deep Shah/Documents/PracUnity/MobileARCourse
Using Asset Import Pipeline V2.
Refreshing native plugins compatible for Editor in 32.82 ms, found 0 plugins.
Preloading 0 native plugins for Editor in 0.00 ms.
Initialize engine version: 2020.2.0f1 (3721df5a8b28)
[Subsystems] Discovering subsystems at path C:/Program Files/Unity/Hub/Editor/2020.2.0f1/Editor/Data/Resources/UnitySubsystems
[Subsystems] Discovering subsystems at path C:/Users/Deep Shah/Documents/PracUnity/MobileARCourse/Assets
GfxDevice: creating device client; threaded=0
Direct3D:
    Version:  Direct3D 11.0 [level 11.1]
    Renderer: Intel(R) UHD Graphics 620 (ID=0x3ea0)
    Vendor:   
    VRAM:     8079 MB
    Driver:   26.20.100.8141
Initialize mono
Mono path[0] = 'C:/Program Files/Unity/Hub/Editor/2020.2.0f1/Editor/Data/Managed'
Mono path[1] = 'C:/Program Files/Unity/Hub/Editor/2020.2.0f1/Editor/Data/MonoBleedingEdge/lib/mono/unityjit'
Mono config path = 'C:/Program Files/Unity/Hub/Editor/2020.2.0f1/Editor/Data/MonoBleedingEdge/etc'
Using monoOptions --debugger-agent=transport=dt_socket,embedding=1,server=y,suspend=n,address=127.0.0.1:56980
Begin MonoManager ReloadAssembly
Registering precompiled unity dll's ...
Register platform support module: C:/Program Files/Unity/Hub/Editor/2020.2.0f1/Editor/Data/PlaybackEngines/WindowsStandaloneSupport/UnityEditor.WindowsStandalone.Extensions.dll
Registered in 0.002258 seconds.
Native extension for WindowsStandalone target not found
Refreshing native plugins compatible for Editor in 54.65 ms, found 0 plugins.
Preloading 0 native plugins for Editor in 0.00 ms.
Invoked RoslynAnalysisRunner static constructor.
RoslynAnalysisRunner will not be running.
RoslynAnalysisRunner has terminated.
Mono: successfully reloaded assembly
- Completed reload, in  2.082 seconds
Platform modules already initialized, skipping
Registering precompiled user dll's ...
Registered in 0.001718 seconds.
Begin MonoManager ReloadAssembly
Error: Could not load signature of UnityEditor.XR.ARKit.XcodeAssetCatalog:WriteAndAddToPBXProject due to: Could not load file or assembly 'UnityEditor.iOS.Extensions.Xcode, Version=1.0.0.0, Culture=neutral, PublicKeyToken=null' or one of its dependencies. assembly:UnityEditor.iOS.Extensions.Xcode, Version=1.0.0.0, Culture=neutral, PublicKeyToken=null type:<unknown type> member:(null) signature:<none>

Unloading broken assembly Library/ScriptAssemblies/Unity.XR.ARKit.Editor.dll, this assembly can cause crashes in the runtime

Native extension for WindowsStandalone target not found
Refreshing native plugins compatible for Editor in 30.37 ms, found 0 plugins.
Preloading 0 native plugins for Editor in 0.00 ms.
Invoked RoslynAnalysisRunner static constructor.
RoslynAnalysisRunner will not be running.
RoslynAnalysisRunner has terminated.
Mono: successfully reloaded assembly
- Completed reload, in  0.867 seconds
Platform modules already initialized, skipping
========================================================================
Worker process is ready to serve import requests
Launched and connected shader compiler UnityShaderCompiler.exe after 0.05 seconds
Refreshing native plugins compatible for Editor in 0.36 ms, found 0 plugins.
Preloading 0 native plugins for Editor in 0.00 ms.
Unloading 1589 Unused Serialized files (Serialized files now loaded: 0)
System memory in use before: 72.6 MB.
System memory in use after: 72.7 MB.

Unloading 25 unused Assets to reduce memory usage. Loaded Objects now: 2018.
Total: 2.416700 ms (FindLiveObjects: 0.214700 ms CreateObjectMapping: 0.045000 ms MarkObjects: 2.036000 ms  DeleteObjects: 0.120200 ms)

========================================================================
Received Import Request.
  path: Assets/MobileARCourse/Scripts/BallPrefab.cs
  artifactKey: Guid(f2b812dae3462b0498c705ef4a528bf6) Importer(815301076,1909f56bfc062723c751e8b465ee728b)
Start importing Assets/MobileARCourse/Scripts/BallPrefab.cs using Guid(f2b812dae3462b0498c705ef4a528bf6) Importer(815301076,1909f56bfc062723c751e8b465ee728b)  -> (artifact id: '559c45ddcf2b87f9c899d7c026ce490b') in 0.090018 seconds
  Import took 0.093200 seconds .

========================================================================
Received Import Request.
  Time since last request: 4.778882 seconds.
  path: Assets/MobileARCourse/Textures
  artifactKey: Guid(5950094c2d36d604085a4bbb0397db3f) Importer(815301076,1909f56bfc062723c751e8b465ee728b)
Start importing Assets/MobileARCourse/Textures using Guid(5950094c2d36d604085a4bbb0397db3f) Importer(815301076,1909f56bfc062723c751e8b465ee728b)  -> (artifact id: 'f001afb37981047df245b224907f7439') in 0.010736 seconds
  Import took 0.013114 seconds .

========================================================================
Received Import Request.
  Time since last request: 0.003190 seconds.
  path: Assets/MobileARCourse/Textures
  artifactKey: Guid(5950094c2d36d604085a4bbb0397db3f) Importer(815301076,1909f56bfc062723c751e8b465ee728b)
Start importing Assets/MobileARCourse/Textures using Guid(5950094c2d36d604085a4bbb0397db3f) Importer(815301076,1909f56bfc062723c751e8b465ee728b)  -> (artifact id: 'f001afb37981047df245b224907f7439') in 0.004334 seconds
  Import took 0.006692 seconds .

========================================================================
Received Import Request.
  Time since last request: 1.003027 seconds.
  path: Assets/MobileARCourse/Scripts/robotScript.cs
  artifactKey: Guid(b1b257c999e785440a0836b9c371fe57) Importer(815301076,1909f56bfc062723c751e8b465ee728b)
Start importing Assets/MobileARCourse/Scripts/robotScript.cs using Guid(b1b257c999e785440a0836b9c371fe57) Importer(815301076,1909f56bfc062723c751e8b465ee728b)  -> (artifact id: '01ebd4266d5664882945950303a52860') in 0.010056 seconds
  Import took 0.012868 seconds .

========================================================================
Received Import Request.
  Time since last request: 0.001507 seconds.
  path: Assets/MobileARCourse/Scripts/robotScript.cs
  artifactKey: Guid(b1b257c999e785440a0836b9c371fe57) Importer(815301076,1909f56bfc062723c751e8b465ee728b)
Start importing Assets/MobileARCourse/Scripts/robotScript.cs using Guid(b1b257c999e785440a0836b9c371fe57) Importer(815301076,1909f56bfc062723c751e8b465ee728b)  -> (artifact id: '01ebd4266d5664882945950303a52860') in 0.004943 seconds
  Import took 0.007599 seconds .

========================================================================
Received Import Request.
  Time since last request: 2419.752166 seconds.
  path: Assets/Scripts/ARLesson.cs
  artifactKey: Guid(f1f4ccf64cd88134d83af22ab42f60dd) Importer(815301076,1909f56bfc062723c751e8b465ee728b)
Start importing Assets/Scripts/ARLesson.cs using Guid(f1f4ccf64cd88134d83af22ab42f60dd) Importer(815301076,1909f56bfc062723c751e8b465ee728b)  -> (artifact id: 'd53fa69cd904cc4a6806f98f408ab256') in 0.014269 seconds
  Import took 0.018372 seconds .

========================================================================
Received Import Request.
  Time since last request: 0.003001 seconds.
  path: Assets/Scripts/ARLesson.cs
  artifactKey: Guid(f1f4ccf64cd88134d83af22ab42f60dd) Importer(815301076,1909f56bfc062723c751e8b465ee728b)
Start importing Assets/Scripts/ARLesson.cs using Guid(f1f4ccf64cd88134d83af22ab42f60dd) Importer(815301076,1909f56bfc062723c751e8b465ee728b)  -> (artifact id: 'd53fa69cd904cc4a6806f98f408ab256') in 0.006226 seconds
  Import took 0.009622 seconds .

========================================================================
Received Import Request.
  Time since last request: 174.341400 seconds.
  path: Assets/Scripts/ARLesson.cs
  artifactKey: Guid(f1f4ccf64cd88134d83af22ab42f60dd) Importer(815301076,1909f56bfc062723c751e8b465ee728b)
Start importing Assets/Scripts/ARLesson.cs using Guid(f1f4ccf64cd88134d83af22ab42f60dd) Importer(815301076,1909f56bfc062723c751e8b465ee728b)  -> (artifact id: '528f4c68ba13b8ef01956cae2fa137f4') in 0.005566 seconds
  Import took 0.012706 seconds .

========================================================================
Received Prepare
Registering precompiled user dll's ...
Registered in 0.000907 seconds.
Begin MonoManager ReloadAssembly
Error: Could not load signature of UnityEditor.XR.ARKit.XcodeAssetCatalog:WriteAndAddToPBXProject due to: Could not load file or assembly 'UnityEditor.iOS.Extensions.Xcode, Version=1.0.0.0, Culture=neutral, PublicKeyToken=null' or one of its dependencies. assembly:UnityEditor.iOS.Extensions.Xcode, Version=1.0.0.0, Culture=neutral, PublicKeyToken=null type:<unknown type> member:(null) signature:<none>

Unloading broken assembly Library/ScriptAssemblies/Unity.XR.ARKit.Editor.dll, this assembly can cause crashes in the runtime

Native extension for WindowsStandalone target not found
Refreshing native plugins compatible for Editor in 0.37 ms, found 0 plugins.
Preloading 0 native plugins for Editor in 0.00 ms.
Invoked RoslynAnalysisRunner static constructor.
RoslynAnalysisRunner will not be running.
RoslynAnalysisRunner has terminated.
Mono: successfully reloaded assembly
- Completed reload, in  0.729 seconds
Platform modules already initialized, skipping
Refreshing native plugins compatible for Editor in 0.38 ms, found 0 plugins.
Preloading 0 native plugins for Editor in 0.00 ms.
Unloading 1565 Unused Serialized files (Serialized files now loaded: 0)
System memory in use before: 71.3 MB.
System memory in use after: 71.3 MB.

Unloading 20 unused Assets to reduce memory usage. Loaded Objects now: 2021.
Total: 2.101400 ms (FindLiveObjects: 0.130700 ms CreateObjectMapping: 0.066700 ms MarkObjects: 1.853800 ms  DeleteObjects: 0.049400 ms)

========================================================================
Received Prepare
Registering precompiled user dll's ...
Registered in 0.000901 seconds.
Begin MonoManager ReloadAssembly
Error: Could not load signature of UnityEditor.XR.ARKit.XcodeAssetCatalog:WriteAndAddToPBXProject due to: Could not load file or assembly 'UnityEditor.iOS.Extensions.Xcode, Version=1.0.0.0, Culture=neutral, PublicKeyToken=null' or one of its dependencies. assembly:UnityEditor.iOS.Extensions.Xcode, Version=1.0.0.0, Culture=neutral, PublicKeyToken=null type:<unknown type> member:(null) signature:<none>

Unloading broken assembly Library/ScriptAssemblies/Unity.XR.ARKit.Editor.dll, this assembly can cause crashes in the runtime

Native extension for WindowsStandalone target not found
Refreshing native plugins compatible for Editor in 0.38 ms, found 0 plugins.
Preloading 0 native plugins for Editor in 0.00 ms.
Invoked RoslynAnalysisRunner static constructor.
RoslynAnalysisRunner will not be running.
RoslynAnalysisRunner has terminated.
Mono: successfully reloaded assembly
- Completed reload, in  0.735 seconds
Platform modules already initialized, skipping
Refreshing native plugins compatible for Editor in 0.37 ms, found 0 plugins.
Preloading 0 native plugins for Editor in 0.00 ms.
Unloading 1566 Unused Serialized files (Serialized files now loaded: 0)
System memory in use before: 71.4 MB.
System memory in use after: 71.5 MB.

Unloading 20 unused Assets to reduce memory usage. Loaded Objects now: 2024.
Total: 1.881600 ms (FindLiveObjects: 0.175100 ms CreateObjectMapping: 0.043200 ms MarkObjects: 1.618900 ms  DeleteObjects: 0.043600 ms)

========================================================================
Received Prepare
Registering precompiled user dll's ...
Registered in 0.000897 seconds.
Begin MonoManager ReloadAssembly
Error: Could not load signature of UnityEditor.XR.ARKit.XcodeAssetCatalog:WriteAndAddToPBXProject due to: Could not load file or assembly 'UnityEditor.iOS.Extensions.Xcode, Version=1.0.0.0, Culture=neutral, PublicKeyToken=null' or one of its dependencies. assembly:UnityEditor.iOS.Extensions.Xcode, Version=1.0.0.0, Culture=neutral, PublicKeyToken=null type:<unknown type> member:(null) signature:<none>

Unloading broken assembly Library/ScriptAssemblies/Unity.XR.ARKit.Editor.dll, this assembly can cause crashes in the runtime

Native extension for WindowsStandalone target not found
Refreshing native plugins compatible for Editor in 0.38 ms, found 0 plugins.
Preloading 0 native plugins for Editor in 0.00 ms.
Invoked RoslynAnalysisRunner static constructor.
RoslynAnalysisRunner will not be running.
RoslynAnalysisRunner has terminated.
Mono: successfully reloaded assembly
- Completed reload, in  0.760 seconds
Platform modules already initialized, skipping
Refreshing native plugins compatible for Editor in 0.37 ms, found 0 plugins.
Preloading 0 native plugins for Editor in 0.00 ms.
Unloading 1566 Unused Serialized files (Serialized files now loaded: 0)
System memory in use before: 71.5 MB.
System memory in use after: 71.6 MB.

Unloading 20 unused Assets to reduce memory usage. Loaded Objects now: 2027.
Total: 3.332500 ms (FindLiveObjects: 0.294000 ms CreateObjectMapping: 0.104900 ms MarkObjects: 2.877200 ms  DeleteObjects: 0.054900 ms)

========================================================================
Received Prepare
Registering precompiled user dll's ...
Registered in 0.000789 seconds.
Begin MonoManager ReloadAssembly
Error: Could not load signature of UnityEditor.XR.ARKit.XcodeAssetCatalog:WriteAndAddToPBXProject due to: Could not load file or assembly 'UnityEditor.iOS.Extensions.Xcode, Version=1.0.0.0, Culture=neutral, PublicKeyToken=null' or one of its dependencies. assembly:UnityEditor.iOS.Extensions.Xcode, Version=1.0.0.0, Culture=neutral, PublicKeyToken=null type:<unknown type> member:(null) signature:<none>

Unloading broken assembly Library/ScriptAssemblies/Unity.XR.ARKit.Editor.dll, this assembly can cause crashes in the runtime

Native extension for WindowsStandalone target not found
Refreshing native plugins compatible for Editor in 0.40 ms, found 0 plugins.
Preloading 0 native plugins for Editor in 0.00 ms.
Invoked RoslynAnalysisRunner static constructor.
RoslynAnalysisRunner will not be running.
RoslynAnalysisRunner has terminated.
Mono: successfully reloaded assembly
- Completed reload, in  0.753 seconds
Platform modules already initialized, skipping
Refreshing native plugins compatible for Editor in 0.40 ms, found 0 plugins.
Preloading 0 native plugins for Editor in 0.00 ms.
Unloading 1566 Unused Serialized files (Serialized files now loaded: 0)
System memory in use before: 71.6 MB.
System memory in use after: 71.7 MB.

Unloading 20 unused Assets to reduce memory usage. Loaded Objects now: 2030.
Total: 1.924300 ms (FindLiveObjects: 0.147900 ms CreateObjectMapping: 0.088500 ms MarkObjects: 1.637100 ms  DeleteObjects: 0.050000 ms)

========================================================================
Received Prepare
Registering precompiled user dll's ...
Registered in 0.000913 seconds.
Begin MonoManager ReloadAssembly
Error: Could not load signature of UnityEditor.XR.ARKit.XcodeAssetCatalog:WriteAndAddToPBXProject due to: Could not load file or assembly 'UnityEditor.iOS.Extensions.Xcode, Version=1.0.0.0, Culture=neutral, PublicKeyToken=null' or one of its dependencies. assembly:UnityEditor.iOS.Extensions.Xcode, Version=1.0.0.0, Culture=neutral, PublicKeyToken=null type:<unknown type> member:(null) signature:<none>

Unloading broken assembly Library/ScriptAssemblies/Unity.XR.ARKit.Editor.dll, this assembly can cause crashes in the runtime

Native extension for WindowsStandalone target not found
Refreshing native plugins compatible for Editor in 0.38 ms, found 0 plugins.
Preloading 0 native plugins for Editor in 0.00 ms.
Invoked RoslynAnalysisRunner static constructor.
RoslynAnalysisRunner will not be running.
RoslynAnalysisRunner has terminated.
Mono: successfully reloaded assembly
- Completed reload, in  0.769 seconds
Platform modules already initialized, skipping
Refreshing native plugins compatible for Editor in 0.44 ms, found 0 plugins.
Preloading 0 native plugins for Editor in 0.00 ms.
Unloading 1566 Unused Serialized files (Serialized files now loaded: 0)
System memory in use before: 71.7 MB.
System memory in use after: 71.8 MB.

Unloading 20 unused Assets to reduce memory usage. Loaded Objects now: 2033.
Total: 2.420100 ms (FindLiveObjects: 0.152200 ms CreateObjectMapping: 0.045500 ms MarkObjects: 2.173900 ms  DeleteObjects: 0.047800 ms)

========================================================================
Received Prepare
Registering precompiled user dll's ...
Registered in 0.001339 seconds.
Begin MonoManager ReloadAssembly
Error: Could not load signature of UnityEditor.XR.ARKit.XcodeAssetCatalog:WriteAndAddToPBXProject due to: Could not load file or assembly 'UnityEditor.iOS.Extensions.Xcode, Version=1.0.0.0, Culture=neutral, PublicKeyToken=null' or one of its dependencies. assembly:UnityEditor.iOS.Extensions.Xcode, Version=1.0.0.0, Culture=neutral, PublicKeyToken=null type:<unknown type> member:(null) signature:<none>

Unloading broken assembly Library/ScriptAssemblies/Unity.XR.ARKit.Editor.dll, this assembly can cause crashes in the runtime

Native extension for WindowsStandalone target not found
Refreshing native plugins compatible for Editor in 0.72 ms, found 0 plugins.
Preloading 0 native plugins for Editor in 0.00 ms.
Invoked RoslynAnalysisRunner static constructor.
RoslynAnalysisRunner will not be running.
RoslynAnalysisRunner has terminated.
Mono: successfully reloaded assembly
- Completed reload, in  1.216 seconds
Platform modules already initialized, skipping
Refreshing native plugins compatible for Editor in 0.51 ms, found 0 plugins.
Preloading 0 native plugins for Editor in 0.00 ms.
Unloading 1566 Unused Serialized files (Serialized files now loaded: 0)
System memory in use before: 71.8 MB.
System memory in use after: 71.9 MB.

Unloading 20 unused Assets to reduce memory usage. Loaded Objects now: 2036.
Total: 2.179700 ms (FindLiveObjects: 0.197600 ms CreateObjectMapping: 0.084600 ms MarkObjects: 1.836500 ms  DeleteObjects: 0.059900 ms)

========================================================================
Received Prepare
Registering precompiled user dll's ...
Registered in 0.001287 seconds.
Begin MonoManager ReloadAssembly
Error: Could not load signature of UnityEditor.XR.ARKit.XcodeAssetCatalog:WriteAndAddToPBXProject due to: Could not load file or assembly 'UnityEditor.iOS.Extensions.Xcode, Version=1.0.0.0, Culture=neutral, PublicKeyToken=null' or one of its dependencies. assembly:UnityEditor.iOS.Extensions.Xcode, Version=1.0.0.0, Culture=neutral, PublicKeyToken=null type:<unknown type> member:(null) signature:<none>

Unloading broken assembly Library/ScriptAssemblies/Unity.XR.ARKit.Editor.dll, this assembly can cause crashes in the runtime

Native extension for WindowsStandalone target not found
Refreshing native plugins compatible for Editor in 0.50 ms, found 0 plugins.
Preloading 0 native plugins for Editor in 0.00 ms.
Invoked RoslynAnalysisRunner static constructor.
RoslynAnalysisRunner will not be running.
RoslynAnalysisRunner has terminated.
Mono: successfully reloaded assembly
- Completed reload, in  1.167 seconds
Platform modules already initialized, skipping
Refreshing native plugins compatible for Editor in 0.47 ms, found 0 plugins.
Preloading 0 native plugins for Editor in 0.00 ms.
Unloading 1566 Unused Serialized files (Serialized files now loaded: 0)
System memory in use before: 72.0 MB.
System memory in use after: 72.0 MB.

Unloading 20 unused Assets to reduce memory usage. Loaded Objects now: 2039.
Total: 2.273400 ms (FindLiveObjects: 0.202600 ms CreateObjectMapping: 0.060200 ms MarkObjects: 1.948900 ms  DeleteObjects: 0.060300 ms)

========================================================================
Received Import Request.
  Time since last request: 7136.365194 seconds.
  path: Assets/MobileARCourse/Prefabs/ball.prefab
  artifactKey: Guid(75ac820fb416643a6bd985ca8e43490f) Importer(815301076,1909f56bfc062723c751e8b465ee728b)
Start importing Assets/MobileARCourse/Prefabs/ball.prefab using Guid(75ac820fb416643a6bd985ca8e43490f) Importer(815301076,1909f56bfc062723c751e8b465ee728b)  -> (artifact id: 'e68c42a1764c272070756a3cb908740d') in 2.309313 seconds
  Import took 2.312943 seconds .

========================================================================
Received Import Request.
  Time since last request: 187.915071 seconds.
  path: Assets/Prefabs/ARLessonScript.prefab
  artifactKey: Guid(41ba6bd8635459b40a497483f92ba741) Importer(815301076,1909f56bfc062723c751e8b465ee728b)
Start importing Assets/Prefabs/ARLessonScript.prefab using Guid(41ba6bd8635459b40a497483f92ba741) Importer(815301076,1909f56bfc062723c751e8b465ee728b)  -> (artifact id: '6ddac3003e6fdd2c302d4b345f80b5ce') in 0.014516 seconds
  Import took 0.019550 seconds .

========================================================================
Received Import Request.
  Time since last request: 37.188847 seconds.
  path: Assets/Scripts/ARLesson.cs
  artifactKey: Guid(f1f4ccf64cd88134d83af22ab42f60dd) Importer(815301076,1909f56bfc062723c751e8b465ee728b)
Start importing Assets/Scripts/ARLesson.cs using Guid(f1f4ccf64cd88134d83af22ab42f60dd) Importer(815301076,1909f56bfc062723c751e8b465ee728b)  -> (artifact id: '1bcd3aa3d10be02c6564f9d343ac50a8') in 0.009895 seconds
  Import took 0.012916 seconds .

========================================================================
Received Import Request.
  Time since last request: 9.284601 seconds.
  path: Assets/Prefabs/ARLessonScript.prefab
  artifactKey: Guid(41ba6bd8635459b40a497483f92ba741) Importer(815301076,1909f56bfc062723c751e8b465ee728b)
Start importing Assets/Prefabs/ARLessonScript.prefab using Guid(41ba6bd8635459b40a497483f92ba741) Importer(815301076,1909f56bfc062723c751e8b465ee728b)  -> (artifact id: '9491948240917c24b36784cabb817a75') in 0.012418 seconds
  Import took 0.015973 seconds .

========================================================================
Received Import Request.
  Time since last request: 14.716609 seconds.
  path: Assets/Prefabs/AR Default Plane.prefab
  artifactKey: Guid(9bdc2c5b9c193594f91862f5a4906cd3) Importer(815301076,1909f56bfc062723c751e8b465ee728b)
Start importing Assets/Prefabs/AR Default Plane.prefab using Guid(9bdc2c5b9c193594f91862f5a4906cd3) Importer(815301076,1909f56bfc062723c751e8b465ee728b)  -> (artifact id: '2b0c252dd0b8cde1a3a58befb39b2ef9') in 0.010115 seconds
  Import took 0.012641 seconds .

========================================================================
Received Import Request.
  Time since last request: 0.041442 seconds.
  path: Assets/Prefabs/AR Default Plane.prefab
  artifactKey: Guid(9bdc2c5b9c193594f91862f5a4906cd3) Importer(815301076,1909f56bfc062723c751e8b465ee728b)
Start importing Assets/Prefabs/AR Default Plane.prefab using Guid(9bdc2c5b9c193594f91862f5a4906cd3) Importer(815301076,1909f56bfc062723c751e8b465ee728b)  -> (artifact id: '2b0c252dd0b8cde1a3a58befb39b2ef9') in 0.005901 seconds
  Import took 0.008694 seconds .

========================================================================
Received Import Request.
  Time since last request: 163.807491 seconds.
  path: Assets/Prefabs/ARLessonScript.prefab
  artifactKey: Guid(41ba6bd8635459b40a497483f92ba741) Importer(815301076,1909f56bfc062723c751e8b465ee728b)
Start importing Assets/Prefabs/ARLessonScript.prefab using Guid(41ba6bd8635459b40a497483f92ba741) Importer(815301076,1909f56bfc062723c751e8b465ee728b)  -> (artifact id: '6499d24a963e776e76ebc37c4866a4f1') in 0.008563 seconds
  Import took 0.011552 seconds .

========================================================================
Received Prepare
Refreshing native plugins compatible for Editor in 10.42 ms, found 0 plugins.
Preloading 0 native plugins for Editor in 0.00 ms.
Unloading 20 Unused Serialized files (Serialized files now loaded: 0)
System memory in use before: 44.7 MB.
System memory in use after: 44.8 MB.

Unloading 16 unused Assets to reduce memory usage. Loaded Objects now: 2047.
Total: 4.350800 ms (FindLiveObjects: 0.428000 ms CreateObjectMapping: 0.200800 ms MarkObjects: 3.589200 ms  DeleteObjects: 0.130700 ms)

========================================================================
Received Prepare
Refreshing native plugins compatible for Editor in 5.95 ms, found 0 plugins.
Preloading 0 native plugins for Editor in 0.00 ms.
Unloading 16 Unused Serialized files (Serialized files now loaded: 0)
System memory in use before: 44.8 MB.
System memory in use after: 44.9 MB.

Unloading 16 unused Assets to reduce memory usage. Loaded Objects now: 2047.
Total: 3.454300 ms (FindLiveObjects: 0.229200 ms CreateObjectMapping: 0.061200 ms MarkObjects: 3.117700 ms  DeleteObjects: 0.044400 ms)

========================================================================
Received Prepare
Refreshing native plugins compatible for Editor in 6.51 ms, found 0 plugins.
Preloading 0 native plugins for Editor in 0.00 ms.
Unloading 16 Unused Serialized files (Serialized files now loaded: 0)
System memory in use before: 45.0 MB.
System memory in use after: 45.1 MB.

Unloading 16 unused Assets to reduce memory usage. Loaded Objects now: 2047.
Total: 3.554900 ms (FindLiveObjects: 0.289300 ms CreateObjectMapping: 0.070200 ms MarkObjects: 3.080900 ms  DeleteObjects: 0.112700 ms)

========================================================================
Received Import Request.
  Time since last request: 4536.596880 seconds.
  path: Assets/MobileARCourse/Materials/ballMaterial.mat
  artifactKey: Guid(0a51b4e66ef8d429a8d75b2ff8bf5336) Importer(815301076,1909f56bfc062723c751e8b465ee728b)
Start importing Assets/MobileARCourse/Materials/ballMaterial.mat using Guid(0a51b4e66ef8d429a8d75b2ff8bf5336) Importer(815301076,1909f56bfc062723c751e8b465ee728b)  -> (artifact id: 'ab21e796058554985ff186ee38d0e684') in 1.884846 seconds
  Import took 1.889850 seconds .

========================================================================
Received Import Request.
  Time since last request: 0.000305 seconds.
  path: Assets/TextMesh Pro/Resources/Fonts & Materials/LiberationSans SDF - Outline.mat
  artifactKey: Guid(79459efec17a4d00a321bdcc27bbc385) Importer(815301076,1909f56bfc062723c751e8b465ee728b)
Start importing Assets/TextMesh Pro/Resources/Fonts & Materials/LiberationSans SDF - Outline.mat using Guid(79459efec17a4d00a321bdcc27bbc385) Importer(815301076,1909f56bfc062723c751e8b465ee728b)  -> (artifact id: 'e675bfae5604aa0951b53a13f46c61ba') in 0.116977 seconds
  Import took 0.119359 seconds .

========================================================================
Received Import Request.
  Time since last request: 0.000316 seconds.
  path: Assets/TextMesh Pro/Resources/Fonts & Materials/LiberationSans SDF - Fallback.asset
  artifactKey: Guid(2e498d1c8094910479dc3e1b768306a4) Importer(815301076,1909f56bfc062723c751e8b465ee728b)
Start importing Assets/TextMesh Pro/Resources/Fonts & Materials/LiberationSans SDF - Fallback.asset using Guid(2e498d1c8094910479dc3e1b768306a4) Importer(815301076,1909f56bfc062723c751e8b465ee728b)  -> (artifact id: 'ea7143196b6b11cdecd063299ce8deb4') in 0.066234 seconds
  Import took 0.069834 seconds .

========================================================================
Received Import Request.
  Time since last request: 0.000305 seconds.
  path: Assets/TextMesh Pro/Fonts/LiberationSans.ttf
  artifactKey: Guid(e3265ab4bf004d28a9537516768c1c75) Importer(815301076,1909f56bfc062723c751e8b465ee728b)
Start importing Assets/TextMesh Pro/Fonts/LiberationSans.ttf using Guid(e3265ab4bf004d28a9537516768c1c75) Importer(815301076,1909f56bfc062723c751e8b465ee728b)  -> (artifact id: '1b539457c271652e08ac1bc1801609a4') in 0.034357 seconds
  Import took 0.037012 seconds .

========================================================================
Received Import Request.
  Time since last request: 0.000238 seconds.
  path: Assets/TextMesh Pro/Resources/Fonts & Materials/LiberationSans SDF - Drop Shadow.mat
  artifactKey: Guid(e73a58f6e2794ae7b1b7e50b7fb811b0) Importer(815301076,1909f56bfc062723c751e8b465ee728b)
Start importing Assets/TextMesh Pro/Resources/Fonts & Materials/LiberationSans SDF - Drop Shadow.mat using Guid(e73a58f6e2794ae7b1b7e50b7fb811b0) Importer(815301076,1909f56bfc062723c751e8b465ee728b)  -> (artifact id: '9a0ab5af2b9abdf9f47691a8ba502604') in 0.121016 seconds
  Import took 0.124189 seconds .

========================================================================
Received Import Request.
  Time since last request: 0.000331 seconds.
  path: Assets/TextMesh Pro/Resources/Fonts & Materials/LiberationSans SDF.asset
  artifactKey: Guid(8f586378b4e144a9851e7b34d9b748ee) Importer(815301076,1909f56bfc062723c751e8b465ee728b)
Start importing Assets/TextMesh Pro/Resources/Fonts & Materials/LiberationSans SDF.asset using Guid(8f586378b4e144a9851e7b34d9b748ee) Importer(815301076,1909f56bfc062723c751e8b465ee728b)  -> (artifact id: 'c6b7b9edcfa4162560a8dc9c02af646e') in 0.067853 seconds
  Import took 0.071278 seconds .

========================================================================
Received Import Request.
  Time since last request: 0.000212 seconds.
  path: Assets/MobileARCourse/Models/balloon.fbx
  artifactKey: Guid(821efbb265f211947b996f6794852835) Importer(815301076,1909f56bfc062723c751e8b465ee728b)
Start importing Assets/MobileARCourse/Models/balloon.fbx using Guid(821efbb265f211947b996f6794852835) Importer(815301076,1909f56bfc062723c751e8b465ee728b)  -> (artifact id: '79c6c7b86f22591b6170fae25efe8f67') in 0.117523 seconds
  Import took 0.120558 seconds .

========================================================================
Received Import Request.
  Time since last request: 0.000278 seconds.
  path: Assets/MobileARCourse/Models/robot.fbx
  artifactKey: Guid(bf994f63a5374e344bbc4a930bcab5b0) Importer(815301076,1909f56bfc062723c751e8b465ee728b)
Start importing Assets/MobileARCourse/Models/robot.fbx using Guid(bf994f63a5374e344bbc4a930bcab5b0) Importer(815301076,1909f56bfc062723c751e8b465ee728b)  -> (artifact id: '2d18908cccfa7c276e01e59487ac56b9') in 0.040981 seconds
  Import took 0.044020 seconds .

========================================================================
Received Import Request.
  Time since last request: 0.918456 seconds.
  path: Assets/MobileARCourse/Models/ball.FBX
  artifactKey: Guid(5a587f795e31a4a7485f899626a0047d) Importer(815301076,1909f56bfc062723c751e8b465ee728b)
Start importing Assets/MobileARCourse/Models/ball.FBX using Guid(5a587f795e31a4a7485f899626a0047d) Importer(815301076,1909f56bfc062723c751e8b465ee728b)  -> (artifact id: '033b302a4a7e527822085f5912dc476c') in 0.036743 seconds
  Import took 0.040162 seconds .

========================================================================
Received Import Request.
  Time since last request: 0.000310 seconds.
  path: Assets/Occlusion/Occlusion.mat
  artifactKey: Guid(e94974e9bbf2e144da05cc451ca4eaba) Importer(815301076,1909f56bfc062723c751e8b465ee728b)
Start importing Assets/Occlusion/Occlusion.mat using Guid(e94974e9bbf2e144da05cc451ca4eaba) Importer(815301076,1909f56bfc062723c751e8b465ee728b)  -> (artifact id: '6ee20386c0579f196e4c45fdeb4adc05') in 0.022013 seconds
  Import took 0.026281 seconds .

========================================================================
Received Prepare
Refreshing native plugins compatible for Editor in 6.16 ms, found 0 plugins.
Preloading 0 native plugins for Editor in 0.00 ms.
Unloading 16 Unused Serialized files (Serialized files now loaded: 0)
System memory in use before: 46.8 MB.
System memory in use after: 46.9 MB.

Unloading 16 unused Assets to reduce memory usage. Loaded Objects now: 2088.
Total: 3.049900 ms (FindLiveObjects: 0.226300 ms CreateObjectMapping: 0.067500 ms MarkObjects: 2.714500 ms  DeleteObjects: 0.040200 ms)

========================================================================
Received Prepare
Refreshing native plugins compatible for Editor in 9.06 ms, found 0 plugins.
Preloading 0 native plugins for Editor in 0.00 ms.
Unloading 16 Unused Serialized files (Serialized files now loaded: 0)
System memory in use before: 46.9 MB.
System memory in use after: 47.0 MB.

Unloading 16 unused Assets to reduce memory usage. Loaded Objects now: 2088.
Total: 3.336500 ms (FindLiveObjects: 0.267000 ms CreateObjectMapping: 0.087000 ms MarkObjects: 2.931600 ms  DeleteObjects: 0.048600 ms)

========================================================================
Received Prepare
Registering precompiled user dll's ...
Registered in 0.001613 seconds.
Begin MonoManager ReloadAssembly
Error: Could not load signature of UnityEditor.XR.ARKit.XcodeAssetCatalog:WriteAndAddToPBXProject due to: Could not load file or assembly 'UnityEditor.iOS.Extensions.Xcode, Version=1.0.0.0, Culture=neutral, PublicKeyToken=null' or one of its dependencies. assembly:UnityEditor.iOS.Extensions.Xcode, Version=1.0.0.0, Culture=neutral, PublicKeyToken=null type:<unknown type> member:(null) signature:<none>

Unloading broken assembly Library/ScriptAssemblies/Unity.XR.ARKit.Editor.dll, this assembly can cause crashes in the runtime

Native extension for WindowsStandalone target not found
Refreshing native plugins compatible for Editor in 0.59 ms, found 0 plugins.
Preloading 0 native plugins for Editor in 0.00 ms.
Invoked RoslynAnalysisRunner static constructor.
RoslynAnalysisRunner will not be running.
RoslynAnalysisRunner has terminated.
Mono: successfully reloaded assembly
- Completed reload, in  1.641 seconds
Platform modules already initialized, skipping
Refreshing native plugins compatible for Editor in 0.60 ms, found 0 plugins.
Preloading 0 native plugins for Editor in 0.00 ms.
Unloading 1564 Unused Serialized files (Serialized files now loaded: 0)
System memory in use before: 77.0 MB.
System memory in use after: 77.1 MB.

Unloading 20 unused Assets to reduce memory usage. Loaded Objects now: 2090.
Total: 3.229600 ms (FindLiveObjects: 0.493500 ms CreateObjectMapping: 0.203000 ms MarkObjects: 2.443600 ms  DeleteObjects: 0.087700 ms)

========================================================================
Received Prepare
Refreshing native plugins compatible for Editor in 12.98 ms, found 0 plugins.
Preloading 0 native plugins for Editor in 0.00 ms.
Unloading 20 Unused Serialized files (Serialized files now loaded: 0)
System memory in use before: 46.5 MB.
System memory in use after: 46.6 MB.

Unloading 16 unused Assets to reduce memory usage. Loaded Objects now: 2091.
Total: 5.497800 ms (FindLiveObjects: 1.300300 ms CreateObjectMapping: 0.357700 ms MarkObjects: 3.764400 ms  DeleteObjects: 0.073100 ms)

========================================================================
Received Prepare
Refreshing native plugins compatible for Editor in 4.93 ms, found 0 plugins.
Preloading 0 native plugins for Editor in 0.00 ms.
Unloading 16 Unused Serialized files (Serialized files now loaded: 0)
System memory in use before: 45.7 MB.
System memory in use after: 45.8 MB.

Unloading 16 unused Assets to reduce memory usage. Loaded Objects now: 2091.
Total: 2.457600 ms (FindLiveObjects: 0.208200 ms CreateObjectMapping: 0.062100 ms MarkObjects: 2.145000 ms  DeleteObjects: 0.040900 ms)

========================================================================
Received Prepare
Registering precompiled user dll's ...
Registered in 0.000979 seconds.
Begin MonoManager ReloadAssembly
Error: Could not load signature of UnityEditor.XR.ARKit.XcodeAssetCatalog:WriteAndAddToPBXProject due to: Could not load file or assembly 'UnityEditor.iOS.Extensions.Xcode, Version=1.0.0.0, Culture=neutral, PublicKeyToken=null' or one of its dependencies. assembly:UnityEditor.iOS.Extensions.Xcode, Version=1.0.0.0, Culture=neutral, PublicKeyToken=null type:<unknown type> member:(null) signature:<none>

Unloading broken assembly Library/ScriptAssemblies/Unity.XR.ARKit.Editor.dll, this assembly can cause crashes in the runtime

Native extension for WindowsStandalone target not found
Refreshing native plugins compatible for Editor in 0.47 ms, found 0 plugins.
Preloading 0 native plugins for Editor in 0.00 ms.
Invoked RoslynAnalysisRunner static constructor.
RoslynAnalysisRunner will not be running.
RoslynAnalysisRunner has terminated.
Mono: successfully reloaded assembly
- Completed reload, in  0.841 seconds
Platform modules already initialized, skipping
Refreshing native plugins compatible for Editor in 0.37 ms, found 0 plugins.
Preloading 0 native plugins for Editor in 0.00 ms.
Unloading 1564 Unused Serialized files (Serialized files now loaded: 0)
System memory in use before: 76.5 MB.
System memory in use after: 76.6 MB.

Unloading 19 unused Assets to reduce memory usage. Loaded Objects now: 2094.
Total: 1.792600 ms (FindLiveObjects: 0.189000 ms CreateObjectMapping: 0.060500 ms MarkObjects: 1.511900 ms  DeleteObjects: 0.030300 ms)

========================================================================
Received Prepare
Refreshing native plugins compatible for Editor in 4.92 ms, found 0 plugins.
Preloading 0 native plugins for Editor in 0.00 ms.
Unloading 19 Unused Serialized files (Serialized files now loaded: 0)
System memory in use before: 46.0 MB.
System memory in use after: 46.1 MB.

Unloading 16 unused Assets to reduce memory usage. Loaded Objects now: 2094.
Total: 2.932100 ms (FindLiveObjects: 0.272000 ms CreateObjectMapping: 0.100500 ms MarkObjects: 2.509300 ms  DeleteObjects: 0.048900 ms)

========================================================================
Received Import Request.
  Time since last request: 8494.075059 seconds.
  path: Assets/Editor
  artifactKey: Guid(9a2df797eb7ea8e44843144af9429b99) Importer(815301076,1909f56bfc062723c751e8b465ee728b)
Start importing Assets/Editor using Guid(9a2df797eb7ea8e44843144af9429b99) Importer(815301076,1909f56bfc062723c751e8b465ee728b)  -> (artifact id: '7d2357871c9457c4897c8c9092ac307d') in 0.019035 seconds
  Import took 0.048031 seconds .

========================================================================
Received Prepare
Refreshing native plugins compatible for Editor in 5.01 ms, found 0 plugins.
Preloading 0 native plugins for Editor in 0.00 ms.
Unloading 16 Unused Serialized files (Serialized files now loaded: 0)
System memory in use before: 46.2 MB.
System memory in use after: 46.3 MB.

Unloading 16 unused Assets to reduce memory usage. Loaded Objects now: 2094.
Total: 8.341000 ms (FindLiveObjects: 0.323800 ms CreateObjectMapping: 0.116600 ms MarkObjects: 7.855200 ms  DeleteObjects: 0.044100 ms)

AssetImportWorkerClient::OnTransportError - code=2 error=End of file
